2023-12-28 14:08:44 index.php: /change
2023-12-28 14:09:03 index.php: /getReservation
2023-12-28 14:11:00 index.php: /getReservation
2023-12-28 14:11:29 index.php: /getReservation
2023-12-28 14:11:34 index.php: /cancelReservation?code=ed88b5ae
2023-12-28 14:12:37 index.php: /change
2023-12-28 14:12:41 index.php: /getReservation
2023-12-28 14:15:51 index.php: /change
2023-12-28 14:15:56 index.php: /getReservation
2023-12-29 02:29:15 index.php: /reserve
2023-12-29 02:39:56 index.php: /change
2023-12-29 02:39:59 index.php: /getReservation
2023-12-29 02:40:54 index.php: /change
2023-12-29 02:41:11 index.php: /getReservation
2023-12-29 02:43:40 index.php: /change
2023-12-29 02:43:43 index.php: /getReservation
2023-12-29 02:44:18 index.php: /change
2023-12-29 02:46:58 index.php: /getReservation
2023-12-29 02:47:29 index.php: /change
2023-12-29 02:47:35 index.php: /getReservation
2023-12-29 02:56:36 index.php: /change
2023-12-29 02:57:07 index.php: /getReservation
2023-12-29 02:57:43 index.php: /changeReservation
2023-12-29 03:04:22 index.php: /change
2023-12-29 03:04:29 index.php: /getReservation
2023-12-29 03:10:18 index.php: /change
2023-12-29 03:10:33 index.php: /getReservation
2023-12-29 03:10:35 index.php: /cancelReservation?code=6d8eb955
2023-12-29 03:10:48 index.php: /change
2023-12-29 03:10:50 index.php: /getReservation
2023-12-29 03:17:27 index.php: /change
2023-12-29 03:17:30 index.php: /change
